{"/work/manni/node-siba/src/siba.ts": {"path":"/work/manni/node-siba/src/siba.ts","statementMap":{"0":{"start":{"line":1,"column":0},"end":{"line":1,"column":32}},"1":{"start":{"line":72,"column":17},"end":{"line":72,"column":76}},"2":{"start":{"line":72,"column":46},"end":{"line":72,"column":75}},"3":{"start":{"line":74,"column":2},"end":{"line":76,"column":3}},"4":{"start":{"line":75,"column":4},"end":{"line":75,"column":75}},"5":{"start":{"line":78,"column":2},"end":{"line":78,"column":21}},"6":{"start":{"line":88,"column":31},"end":{"line":88,"column":39}},"7":{"start":{"line":89,"column":23},"end":{"line":89,"column":28}},"8":{"start":{"line":91,"column":2},"end":{"line":130,"column":4}},"9":{"start":{"line":85,"column":0},"end":{"line":131,"column":1}},"10":{"start":{"line":140,"column":24},"end":{"line":140,"column":32}},"11":{"start":{"line":142,"column":22},"end":{"line":144,"column":4}},"12":{"start":{"line":146,"column":2},"end":{"line":164,"column":4}},"13":{"start":{"line":137,"column":0},"end":{"line":165,"column":1}},"14":{"start":{"line":173,"column":2},"end":{"line":175,"column":3}},"15":{"start":{"line":174,"column":4},"end":{"line":174,"column":44}},"16":{"start":{"line":177,"column":2},"end":{"line":179,"column":5}},"17":{"start":{"line":171,"column":0},"end":{"line":180,"column":1}},"18":{"start":{"line":187,"column":23},"end":{"line":190,"column":4}},"19":{"start":{"line":193,"column":19},"end":{"line":193,"column":58}},"20":{"start":{"line":194,"column":15},"end":{"line":194,"column":46}},"21":{"start":{"line":195,"column":19},"end":{"line":195,"column":75}},"22":{"start":{"line":196,"column":17},"end":{"line":196,"column":75}},"23":{"start":{"line":198,"column":2},"end":{"line":203,"column":3}},"24":{"start":{"line":199,"column":4},"end":{"line":202,"column":6}},"25":{"start":{"line":205,"column":31},"end":{"line":208,"column":4}},"26":{"start":{"line":210,"column":17},"end":{"line":210,"column":50}},"27":{"start":{"line":211,"column":18},"end":{"line":211,"column":52}},"28":{"start":{"line":213,"column":2},"end":{"line":218,"column":4}},"29":{"start":{"line":186,"column":0},"end":{"line":219,"column":1}}},"fnMap":{"0":{"name":"getFieldValue","decl":{"start":{"line":71,"column":9},"end":{"line":71,"column":22}},"loc":{"start":{"line":71,"column":58},"end":{"line":79,"column":1}}},"1":{"name":"(anonymous_1)","decl":{"start":{"line":72,"column":39},"end":{"line":72,"column":41}},"loc":{"start":{"line":72,"column":46},"end":{"line":72,"column":75}}},"2":{"name":"buildSIBABulletins","decl":{"start":{"line":85,"column":16},"end":{"line":85,"column":34}},"loc":{"start":{"line":86,"column":33},"end":{"line":131,"column":1}}},"3":{"name":"buildSIBASoapEnvelope","decl":{"start":{"line":137,"column":16},"end":{"line":137,"column":37}},"loc":{"start":{"line":138,"column":33},"end":{"line":165,"column":1}}},"4":{"name":"buildSIBARequestXML","decl":{"start":{"line":171,"column":16},"end":{"line":171,"column":35}},"loc":{"start":{"line":171,"column":67},"end":{"line":180,"column":1}}},"5":{"name":"parseSIBAXMLResponse","decl":{"start":{"line":186,"column":16},"end":{"line":186,"column":36}},"loc":{"start":{"line":186,"column":57},"end":{"line":219,"column":1}}}},"branchMap":{"0":{"loc":{"start":{"line":74,"column":2},"end":{"line":76,"column":3}},"type":"if","locations":[{"start":{"line":74,"column":2},"end":{"line":76,"column":3}},{"start":{"line":74,"column":2},"end":{"line":76,"column":3}}]},"1":{"loc":{"start":{"line":113,"column":14},"end":{"line":113,"column":27}},"type":"binary-expr","locations":[{"start":{"line":113,"column":14},"end":{"line":113,"column":27}},{"start":{"line":113,"column":31},"end":{"line":113,"column":34}}]},"2":{"loc":{"start":{"line":115,"column":25},"end":{"line":115,"column":40}},"type":"binary-expr","locations":[{"start":{"line":115,"column":25},"end":{"line":115,"column":40}},{"start":{"line":115,"column":44},"end":{"line":115,"column":73}}]},"3":{"loc":{"start":{"line":120,"column":22},"end":{"line":120,"column":39}},"type":"binary-expr","locations":[{"start":{"line":120,"column":22},"end":{"line":120,"column":39}},{"start":{"line":120,"column":43},"end":{"line":120,"column":74}}]},"4":{"loc":{"start":{"line":121,"column":20},"end":{"line":121,"column":38}},"type":"binary-expr","locations":[{"start":{"line":121,"column":20},"end":{"line":121,"column":38}},{"start":{"line":121,"column":42},"end":{"line":121,"column":74}}]},"5":{"loc":{"start":{"line":127,"column":24},"end":{"line":127,"column":42}},"type":"binary-expr","locations":[{"start":{"line":127,"column":24},"end":{"line":127,"column":42}},{"start":{"line":127,"column":46},"end":{"line":127,"column":78}}]},"6":{"loc":{"start":{"line":173,"column":2},"end":{"line":175,"column":3}},"type":"if","locations":[{"start":{"line":173,"column":2},"end":{"line":175,"column":3}},{"start":{"line":173,"column":2},"end":{"line":175,"column":3}}]},"7":{"loc":{"start":{"line":173,"column":6},"end":{"line":173,"column":15}},"type":"binary-expr","locations":[{"start":{"line":173,"column":6},"end":{"line":173,"column":15}},{"start":{"line":173,"column":19},"end":{"line":173,"column":34}},{"start":{"line":173,"column":38},"end":{"line":173,"column":57}}]},"8":{"loc":{"start":{"line":198,"column":2},"end":{"line":203,"column":3}},"type":"if","locations":[{"start":{"line":198,"column":2},"end":{"line":203,"column":3}},{"start":{"line":198,"column":2},"end":{"line":203,"column":3}}]},"9":{"loc":{"start":{"line":215,"column":10},"end":{"line":215,"column":35}},"type":"binary-expr","locations":[{"start":{"line":215,"column":10},"end":{"line":215,"column":35}},{"start":{"line":215,"column":39},"end":{"line":215,"column":70}}]},"10":{"loc":{"start":{"line":216,"column":15},"end":{"line":216,"column":31}},"type":"binary-expr","locations":[{"start":{"line":216,"column":15},"end":{"line":216,"column":31}},{"start":{"line":216,"column":35},"end":{"line":216,"column":57}}]},"11":{"loc":{"start":{"line":217,"column":18},"end":{"line":217,"column":38}},"type":"binary-expr","locations":[{"start":{"line":217,"column":18},"end":{"line":217,"column":38}},{"start":{"line":217,"column":42},"end":{"line":217,"column":68}}]}},"s":{"0":1,"1":14,"2":24,"3":14,"4":0,"5":14,"6":2,"7":2,"8":2,"9":1,"10":2,"11":2,"12":2,"13":1,"14":1,"15":0,"16":1,"17":1,"18":3,"19":3,"20":3,"21":3,"22":3,"23":3,"24":2,"25":1,"26":1,"27":1,"28":1,"29":1},"f":{"0":14,"1":24,"2":2,"3":2,"4":1,"5":3},"b":{"0":[0,14],"1":[2,0],"2":[2,2],"3":[2,2],"4":[2,2],"5":[2,2],"6":[0,1],"7":[1,1,1],"8":[2,1],"9":[1,1],"10":[1,1],"11":[1,1]}}
,"/work/manni/node-siba/src/types.ts": {"path":"/work/manni/node-siba/src/types.ts","statementMap":{"0":{"start":{"line":17,"column":0},"end":{"line":21,"column":1}},"1":{"start":{"line":18,"column":2},"end":{"line":18,"column":16}},"2":{"start":{"line":19,"column":2},"end":{"line":19,"column":15}},"3":{"start":{"line":20,"column":2},"end":{"line":20,"column":13}}},"fnMap":{"0":{"name":"(anonymous_0)","decl":{"start":{"line":17,"column":0},"end":{"line":17,"column":11}},"loc":{"start":{"line":17,"column":29},"end":{"line":21,"column":1}}}},"branchMap":{"0":{"loc":{"start":{"line":17,"column":12},"end":{"line":17,"column":29}},"type":"binary-expr","locations":[{"start":{"line":17,"column":12},"end":{"line":17,"column":29}},{"start":{"line":17,"column":12},"end":{"line":17,"column":29}}]}},"s":{"0":1,"1":1,"2":1,"3":1},"f":{"0":1},"b":{"0":[1,1]}}
}
