TN:
SF:/work/manni/node-siba/src/siba.ts
FN:71,getFieldValue
FN:72,(anonymous_1)
FN:85,buildSIBABulletins
FN:137,buildSIBASoapEnvelope
FN:171,buildSIBARequestXML
FN:186,parseSIBAXMLResponse
FNF:6
FNH:6
FNDA:14,getFieldValue
FNDA:24,(anonymous_1)
FNDA:2,buildSIBABulletins
FNDA:2,buildSIBASoapEnvelope
FNDA:1,buildSIBARequestXML
FNDA:3,parseSIBAXMLResponse
DA:1,1
DA:72,24
DA:74,14
DA:75,0
DA:78,14
DA:85,1
DA:88,2
DA:89,2
DA:91,2
DA:137,1
DA:140,2
DA:142,2
DA:146,2
DA:171,1
DA:173,1
DA:174,0
DA:177,1
DA:186,1
DA:187,3
DA:193,3
DA:194,3
DA:195,3
DA:196,3
DA:198,3
DA:199,2
DA:205,1
DA:210,1
DA:211,1
DA:213,1
LF:29
LH:27
BRDA:74,0,0,0
BRDA:74,0,1,14
BRDA:113,1,0,2
BRDA:113,1,1,0
BRDA:115,2,0,2
BRDA:115,2,1,2
BRDA:120,3,0,2
BRDA:120,3,1,2
BRDA:121,4,0,2
BRDA:121,4,1,2
BRDA:127,5,0,2
BRDA:127,5,1,2
BRDA:173,6,0,0
BRDA:173,6,1,1
BRDA:173,7,0,1
BRDA:173,7,1,1
BRDA:173,7,2,1
BRDA:198,8,0,2
BRDA:198,8,1,1
BRDA:215,9,0,1
BRDA:215,9,1,1
BRDA:216,10,0,1
BRDA:216,10,1,1
BRDA:217,11,0,1
BRDA:217,11,1,1
BRF:25
BRH:22
end_of_record
TN:
SF:/work/manni/node-siba/src/types.ts
FN:17,(anonymous_0)
FNF:1
FNH:1
FNDA:1,(anonymous_0)
DA:17,1
DA:18,1
DA:19,1
DA:20,1
LF:4
LH:4
BRDA:17,0,0,1
BRDA:17,0,1,1
BRF:2
BRH:2
end_of_record
